<!DOCTYPE html PUBLIC "-//W3C//DTD XHTML 1.1//EN" "https://www.w3.org/TR/xhtml11/DTD/xhtml11.dtd">
<html xmlns="https://www.w3.org/1999/xhtml">
<head>
<meta http-equiv="content-type" content="text/html; charset=UTF-8"/>
<title>TestNG Report</title>
<style type="text/css">table {margin-bottom:10px;border-collapse:collapse;empty-cells:show}th,td {border:1px solid #009;padding:.25em .5em}th {vertical-align:bottom}td {vertical-align:top}table a {font-weight:bold}.stripe td {background-color: #E6EBF9}.num {text-align:right}.passedodd td {background-color: #3F3}.passedeven td {background-color: #0A0}.skippedodd td {background-color: #DDD}.skippedeven td {background-color: #CCC}.failedodd td,.attn {background-color: #F33}.failedeven td,.stripe .attn {background-color: #D00}.stacktrace {white-space:pre;font-family:monospace}.totop {font-size:85%;text-align:center;border-bottom:2px solid #000}.invisible {display:none}</style>
</head>
<body>
<table>
<tr><th>Test</th><th># Passed</th><th># Skipped</th><th># Retried</th><th># Failed</th><th>Time (ms)</th><th>Included Groups</th><th>Excluded Groups</th></tr>
<tr><th colspan="8">Suite</th></tr>
<tr><td><a href="#t0">Test</a></td><td class="num">0</td><td class="num attn">19</td><td class="num">0</td><td class="num">0</td><td class="num">12,082</td><td></td><td></td></tr>
</table>
<table id='summary'><thead><tr><th>Class</th><th>Method</th><th>Start</th><th>Time (ms)</th></tr></thead><tbody><tr><th colspan="4">Suite</th></tr></tbody><tbody id="t0"><tr><th colspan="4">Test &#8212; failed (configuration methods)</th></tr><tr class="failedeven"><td rowspan="1">Payments.alltypepayments</td><td><a href="#m0">beforetest</a></td><td rowspan="1">1729768167484</td><td rowspan="1">573</td></tr><tr><th colspan="4">Test &#8212; skipped (configuration methods)</th></tr><tr class="skippedeven"><td rowspan="1">New_property_Wadhghat.CMS_Test</td><td><a href="#m1">aftermethod</a></td><td rowspan="1">1729768168096</td><td rowspan="1">-1729768168096</td></tr><tr class="skippedodd"><td rowspan="2">New_property_Wadhghat.MinorChanges</td><td><a href="#m2">aftermethod</a></td><td rowspan="2">1729768168137</td><td rowspan="2">-1729768168137</td></tr><tr class="skippedodd"><td><a href="#m3">aftermethod</a></td></tr><tr class="skippedeven"><td rowspan="2">Payments.alltypepayments</td><td><a href="#m4">aftermethod</a></td><td rowspan="1">1729768168140</td><td rowspan="1">-1729768168140</td></tr><tr class="skippedeven"><td><a href="#m5">aftertest</a></td><td rowspan="1">1729768168155</td><td rowspan="1">-1729768168155</td></tr><tr><th colspan="4">Test &#8212; skipped</th></tr><tr class="skippedeven"><td rowspan="11">New_property_Wadhghat.CMS_Test</td><td><a href="#m6">AddTaxes_and_UploadFiles</a></td><td rowspan="1">1729768168119</td><td rowspan="1">0</td></tr><tr class="skippedeven"><td><a href="#m7">Dataentry_floor_info</a></td><td rowspan="1">1729768168113</td><td rowspan="1">0</td></tr><tr class="skippedeven"><td><a href="#m8">Dataentry_owner_info</a></td><td rowspan="1">1729768168109</td><td rowspan="1">0</td></tr><tr class="skippedeven"><td><a href="#m9">OldTaxex_info</a></td><td rowspan="1">1729768168116</td><td rowspan="1">0</td></tr><tr class="skippedeven"><td><a href="#m10">WadhghatApproval</a></td><td rowspan="1">1729768168122</td><td rowspan="1">0</td></tr><tr class="skippedeven"><td><a href="#m11">cmsComplaintRegisterWadhghat</a></td><td rowspan="1">1729768168104</td><td rowspan="1">0</td></tr><tr class="skippedeven"><td><a href="#m12">cmsPageWadhghat</a></td><td rowspan="1">1729768168099</td><td rowspan="1">0</td></tr><tr class="skippedeven"><td><a href="#m13">cmsRegisterPageWadhghat</a></td><td rowspan="1">1729768168101</td><td rowspan="1">0</td></tr><tr class="skippedeven"><td><a href="#m14">councilapproval</a></td><td rowspan="1">1729768168125</td><td rowspan="1">0</td></tr><tr class="skippedeven"><td><a href="#m15">loginPage</a></td><td rowspan="1">1729768168093</td><td rowspan="1">0</td></tr><tr class="skippedeven"><td><a href="#m16">searchComplaintWadhghat</a></td><td rowspan="1">1729768168107</td><td rowspan="1">0</td></tr><tr class="skippedodd"><td rowspan="2">New_property_Wadhghat.MinorChanges</td><td><a href="#m17">loginPage</a></td><td rowspan="1">1729768168130</td><td rowspan="1">0</td></tr><tr class="skippedodd"><td><a href="#m18">performMinorChangeAndVerify</a></td><td rowspan="1">1729768168136</td><td rowspan="1">0</td></tr><tr class="skippedeven"><td rowspan="6">Payments.alltypepayments</td><td><a href="#m19">AdvancePayment</a></td><td rowspan="1">1729768168150</td><td rowspan="1">0</td></tr><tr class="skippedeven"><td><a href="#m20">Card</a></td><td rowspan="1">1729768168153</td><td rowspan="1">0</td></tr><tr class="skippedeven"><td><a href="#m21">CashPayment</a></td><td rowspan="1">1729768168141</td><td rowspan="1">0</td></tr><tr class="skippedeven"><td><a href="#m22">chequePayment</a></td><td rowspan="1">1729768168144</td><td rowspan="1">0</td></tr><tr class="skippedeven"><td><a href="#m23">cheque_clear</a></td><td rowspan="1">1729768168148</td><td rowspan="1">0</td></tr><tr class="skippedeven"><td><a href="#m24">loginPage</a></td><td rowspan="1">1729768168138</td><td rowspan="1">0</td></tr></tbody>
</table>
<h2>Test</h2><h3 id="m0">Payments.alltypepayments#beforetest</h3><table class="result"><tr><th>Exception</th></tr><tr><td><div class="stacktrace">org.openqa.selenium.SessionNotCreatedException: Could not start a new session. Response code 500. Message: session not created
from unknown error: failed to write prefs file 
Host info: host: &apos;DESKTOP-PRAUAQ4&apos;, ip: &apos;10.212.134.131&apos;
Build info: version: &apos;4.19.1&apos;, revision: &apos;abe0ee07dc&apos;
System info: os.name: &apos;Windows 10&apos;, os.arch: &apos;amd64&apos;, os.version: &apos;10.0&apos;, java.version: &apos;17.0.6&apos;
Driver info: org.openqa.selenium.chrome.ChromeDriver
Command: [null, newSession {capabilities=[Capabilities {browserName: chrome, goog:chromeOptions: {args: [--remote-allow-origins=*, --disable-web-security, --disable-site-isolation-tr..., --allow-running-insecure-co..., --disable-extensions, --ignore-certificate-errors], binary: C:\Program Files\Google\Chr..., extensions: [], prefs: {download.default_directory: C:\Users\Sthapatya 22\eclip..., plugins.always_open_pdf_externally: true}}}]}]
	at org.openqa.selenium.remote.ProtocolHandshake.createSession(ProtocolHandshake.java:114)
	at org.openqa.selenium.remote.ProtocolHandshake.createSession(ProtocolHandshake.java:75)
	at org.openqa.selenium.remote.ProtocolHandshake.createSession(ProtocolHandshake.java:61)
	at org.openqa.selenium.remote.HttpCommandExecutor.execute(HttpCommandExecutor.java:162)
	at org.openqa.selenium.remote.service.DriverCommandExecutor.invokeExecute(DriverCommandExecutor.java:216)
	at org.openqa.selenium.remote.service.DriverCommandExecutor.execute(DriverCommandExecutor.java:174)
	at org.openqa.selenium.remote.RemoteWebDriver.execute(RemoteWebDriver.java:518)
	at org.openqa.selenium.remote.RemoteWebDriver.startSession(RemoteWebDriver.java:232)
	at org.openqa.selenium.remote.RemoteWebDriver.&lt;init&gt;(RemoteWebDriver.java:161)
	at org.openqa.selenium.chromium.ChromiumDriver.&lt;init&gt;(ChromiumDriver.java:114)
	at org.openqa.selenium.chrome.ChromeDriver.&lt;init&gt;(ChromeDriver.java:89)
	at org.openqa.selenium.chrome.ChromeDriver.&lt;init&gt;(ChromeDriver.java:84)
	at org.openqa.selenium.chrome.ChromeDriver.&lt;init&gt;(ChromeDriver.java:73)
	at pojo.CMS_browser.openBrowser(CMS_browser.java:31)
	at Payments.alltypepayments.beforetest(alltypepayments.java:51)
... Removed 24 stack frames</div></td></tr></table><p class="totop"><a href="#summary">back to summary</a></p>
<h3 id="m1">New_property_Wadhghat.CMS_Test#aftermethod</h3><table class="result"><tr><th class="invisible"/></tr></table><p class="totop"><a href="#summary">back to summary</a></p>
<h3 id="m2">New_property_Wadhghat.MinorChanges#aftermethod</h3><table class="result"><tr><th class="invisible"/></tr></table><p class="totop"><a href="#summary">back to summary</a></p>
<h3 id="m3">New_property_Wadhghat.MinorChanges#aftermethod</h3><table class="result"><tr><th class="invisible"/></tr></table><p class="totop"><a href="#summary">back to summary</a></p>
<h3 id="m4">Payments.alltypepayments#aftermethod</h3><table class="result"><tr><th class="invisible"/></tr></table><p class="totop"><a href="#summary">back to summary</a></p>
<h3 id="m5">Payments.alltypepayments#aftertest</h3><table class="result"><tr><th class="invisible"/></tr></table><p class="totop"><a href="#summary">back to summary</a></p>
<h3 id="m6">New_property_Wadhghat.CMS_Test#AddTaxes_and_UploadFiles</h3><table class="result"><tr><th>Exception</th></tr><tr><td><div class="stacktrace">java.lang.Throwable: Method CMS_Test.AddTaxes_and_UploadFiles()[pri:9, instance:New_property_Wadhghat.CMS_Test@437da279] depends on not successfully finished methods
	at java.base/java.util.ArrayList.forEach(ArrayList.java:1511)
... Removed 18 stack frames</div></td></tr></table><p class="totop"><a href="#summary">back to summary</a></p>
<h3 id="m7">New_property_Wadhghat.CMS_Test#Dataentry_floor_info</h3><table class="result"><tr><th>Exception</th></tr><tr><td><div class="stacktrace">java.lang.Throwable: Method CMS_Test.Dataentry_floor_info()[pri:7, instance:New_property_Wadhghat.CMS_Test@437da279] depends on not successfully finished methods
	at java.base/java.util.ArrayList.forEach(ArrayList.java:1511)
... Removed 18 stack frames</div></td></tr></table><p class="totop"><a href="#summary">back to summary</a></p>
<h3 id="m8">New_property_Wadhghat.CMS_Test#Dataentry_owner_info</h3><table class="result"><tr><th>Exception</th></tr><tr><td><div class="stacktrace">java.lang.Throwable: Method CMS_Test.Dataentry_owner_info()[pri:6, instance:New_property_Wadhghat.CMS_Test@437da279] depends on not successfully finished methods
	at java.base/java.util.ArrayList.forEach(ArrayList.java:1511)
... Removed 18 stack frames</div></td></tr></table><p class="totop"><a href="#summary">back to summary</a></p>
<h3 id="m9">New_property_Wadhghat.CMS_Test#OldTaxex_info</h3><table class="result"><tr><th>Exception</th></tr><tr><td><div class="stacktrace">java.lang.Throwable: Method CMS_Test.OldTaxex_info()[pri:8, instance:New_property_Wadhghat.CMS_Test@437da279] depends on not successfully finished methods
	at java.base/java.util.ArrayList.forEach(ArrayList.java:1511)
... Removed 18 stack frames</div></td></tr></table><p class="totop"><a href="#summary">back to summary</a></p>
<h3 id="m10">New_property_Wadhghat.CMS_Test#WadhghatApproval</h3><table class="result"><tr><th>Exception</th></tr><tr><td><div class="stacktrace">java.lang.Throwable: Method CMS_Test.WadhghatApproval()[pri:10, instance:New_property_Wadhghat.CMS_Test@437da279] depends on not successfully finished methods
	at java.base/java.util.ArrayList.forEach(ArrayList.java:1511)
... Removed 18 stack frames</div></td></tr></table><p class="totop"><a href="#summary">back to summary</a></p>
<h3 id="m11">New_property_Wadhghat.CMS_Test#cmsComplaintRegisterWadhghat</h3><table class="result"><tr><th>Exception</th></tr><tr><td><div class="stacktrace">java.lang.Throwable: Method CMS_Test.cmsComplaintRegisterWadhghat()[pri:4, instance:New_property_Wadhghat.CMS_Test@437da279] depends on not successfully finished methods
	at java.base/java.util.ArrayList.forEach(ArrayList.java:1511)
... Removed 18 stack frames</div></td></tr></table><p class="totop"><a href="#summary">back to summary</a></p>
<h3 id="m12">New_property_Wadhghat.CMS_Test#cmsPageWadhghat</h3><table class="result"><tr><th>Exception</th></tr><tr><td><div class="stacktrace">java.lang.Throwable: Method CMS_Test.cmsPageWadhghat()[pri:2, instance:New_property_Wadhghat.CMS_Test@437da279] depends on not successfully finished methods
	at java.base/java.util.ArrayList.forEach(ArrayList.java:1511)
... Removed 18 stack frames</div></td></tr></table><p class="totop"><a href="#summary">back to summary</a></p>
<h3 id="m13">New_property_Wadhghat.CMS_Test#cmsRegisterPageWadhghat</h3><table class="result"><tr><th>Exception</th></tr><tr><td><div class="stacktrace">java.lang.Throwable: Method CMS_Test.cmsRegisterPageWadhghat()[pri:3, instance:New_property_Wadhghat.CMS_Test@437da279] depends on not successfully finished methods
	at java.base/java.util.ArrayList.forEach(ArrayList.java:1511)
... Removed 18 stack frames</div></td></tr></table><p class="totop"><a href="#summary">back to summary</a></p>
<h3 id="m14">New_property_Wadhghat.CMS_Test#councilapproval</h3><table class="result"><tr><th>Exception</th></tr><tr><td><div class="stacktrace">java.lang.Throwable: Method CMS_Test.councilapproval()[pri:11, instance:New_property_Wadhghat.CMS_Test@437da279] depends on not successfully finished methods
	at java.base/java.util.ArrayList.forEach(ArrayList.java:1511)
... Removed 18 stack frames</div></td></tr></table><p class="totop"><a href="#summary">back to summary</a></p>
<h3 id="m15">New_property_Wadhghat.CMS_Test#loginPage</h3><table class="result"><tr><th>Exception</th></tr><tr><td><div class="stacktrace">org.openqa.selenium.SessionNotCreatedException: Could not start a new session. Response code 500. Message: session not created
from unknown error: failed to write prefs file 
Host info: host: &apos;DESKTOP-PRAUAQ4&apos;, ip: &apos;10.212.134.131&apos;
Build info: version: &apos;4.19.1&apos;, revision: &apos;abe0ee07dc&apos;
System info: os.name: &apos;Windows 10&apos;, os.arch: &apos;amd64&apos;, os.version: &apos;10.0&apos;, java.version: &apos;17.0.6&apos;
Driver info: org.openqa.selenium.chrome.ChromeDriver
Command: [null, newSession {capabilities=[Capabilities {browserName: chrome, goog:chromeOptions: {args: [--remote-allow-origins=*, --disable-web-security, --disable-site-isolation-tr..., --allow-running-insecure-co..., --disable-extensions, --ignore-certificate-errors], binary: C:\Program Files\Google\Chr..., extensions: [], prefs: {download.default_directory: C:\Users\Sthapatya 22\eclip..., plugins.always_open_pdf_externally: true}}}]}]
	at org.openqa.selenium.remote.ProtocolHandshake.createSession(ProtocolHandshake.java:114)
	at org.openqa.selenium.remote.ProtocolHandshake.createSession(ProtocolHandshake.java:75)
	at org.openqa.selenium.remote.ProtocolHandshake.createSession(ProtocolHandshake.java:61)
	at org.openqa.selenium.remote.HttpCommandExecutor.execute(HttpCommandExecutor.java:162)
	at org.openqa.selenium.remote.service.DriverCommandExecutor.invokeExecute(DriverCommandExecutor.java:216)
	at org.openqa.selenium.remote.service.DriverCommandExecutor.execute(DriverCommandExecutor.java:174)
	at org.openqa.selenium.remote.RemoteWebDriver.execute(RemoteWebDriver.java:518)
	at org.openqa.selenium.remote.RemoteWebDriver.startSession(RemoteWebDriver.java:232)
	at org.openqa.selenium.remote.RemoteWebDriver.&lt;init&gt;(RemoteWebDriver.java:161)
	at org.openqa.selenium.chromium.ChromiumDriver.&lt;init&gt;(ChromiumDriver.java:114)
	at org.openqa.selenium.chrome.ChromeDriver.&lt;init&gt;(ChromeDriver.java:89)
	at org.openqa.selenium.chrome.ChromeDriver.&lt;init&gt;(ChromeDriver.java:84)
	at org.openqa.selenium.chrome.ChromeDriver.&lt;init&gt;(ChromeDriver.java:73)
	at pojo.CMS_browser.openBrowser(CMS_browser.java:31)
	at Payments.alltypepayments.beforetest(alltypepayments.java:51)
... Removed 24 stack frames</div></td></tr></table><p class="totop"><a href="#summary">back to summary</a></p>
<h3 id="m16">New_property_Wadhghat.CMS_Test#searchComplaintWadhghat</h3><table class="result"><tr><th>Exception</th></tr><tr><td><div class="stacktrace">java.lang.Throwable: Method CMS_Test.searchComplaintWadhghat()[pri:5, instance:New_property_Wadhghat.CMS_Test@437da279] depends on not successfully finished methods
	at java.base/java.util.ArrayList.forEach(ArrayList.java:1511)
... Removed 18 stack frames</div></td></tr></table><p class="totop"><a href="#summary">back to summary</a></p>
<h3 id="m17">New_property_Wadhghat.MinorChanges#loginPage</h3><table class="result"><tr><th>Exception</th></tr><tr><td><div class="stacktrace">org.openqa.selenium.SessionNotCreatedException: Could not start a new session. Response code 500. Message: session not created
from unknown error: failed to write prefs file 
Host info: host: &apos;DESKTOP-PRAUAQ4&apos;, ip: &apos;10.212.134.131&apos;
Build info: version: &apos;4.19.1&apos;, revision: &apos;abe0ee07dc&apos;
System info: os.name: &apos;Windows 10&apos;, os.arch: &apos;amd64&apos;, os.version: &apos;10.0&apos;, java.version: &apos;17.0.6&apos;
Driver info: org.openqa.selenium.chrome.ChromeDriver
Command: [null, newSession {capabilities=[Capabilities {browserName: chrome, goog:chromeOptions: {args: [--remote-allow-origins=*, --disable-web-security, --disable-site-isolation-tr..., --allow-running-insecure-co..., --disable-extensions, --ignore-certificate-errors], binary: C:\Program Files\Google\Chr..., extensions: [], prefs: {download.default_directory: C:\Users\Sthapatya 22\eclip..., plugins.always_open_pdf_externally: true}}}]}]
	at org.openqa.selenium.remote.ProtocolHandshake.createSession(ProtocolHandshake.java:114)
	at org.openqa.selenium.remote.ProtocolHandshake.createSession(ProtocolHandshake.java:75)
	at org.openqa.selenium.remote.ProtocolHandshake.createSession(ProtocolHandshake.java:61)
	at org.openqa.selenium.remote.HttpCommandExecutor.execute(HttpCommandExecutor.java:162)
	at org.openqa.selenium.remote.service.DriverCommandExecutor.invokeExecute(DriverCommandExecutor.java:216)
	at org.openqa.selenium.remote.service.DriverCommandExecutor.execute(DriverCommandExecutor.java:174)
	at org.openqa.selenium.remote.RemoteWebDriver.execute(RemoteWebDriver.java:518)
	at org.openqa.selenium.remote.RemoteWebDriver.startSession(RemoteWebDriver.java:232)
	at org.openqa.selenium.remote.RemoteWebDriver.&lt;init&gt;(RemoteWebDriver.java:161)
	at org.openqa.selenium.chromium.ChromiumDriver.&lt;init&gt;(ChromiumDriver.java:114)
	at org.openqa.selenium.chrome.ChromeDriver.&lt;init&gt;(ChromeDriver.java:89)
	at org.openqa.selenium.chrome.ChromeDriver.&lt;init&gt;(ChromeDriver.java:84)
	at org.openqa.selenium.chrome.ChromeDriver.&lt;init&gt;(ChromeDriver.java:73)
	at pojo.CMS_browser.openBrowser(CMS_browser.java:31)
	at Payments.alltypepayments.beforetest(alltypepayments.java:51)
... Removed 24 stack frames</div></td></tr></table><p class="totop"><a href="#summary">back to summary</a></p>
<h3 id="m18">New_property_Wadhghat.MinorChanges#performMinorChangeAndVerify</h3><table class="result"><tr><th>Exception</th></tr><tr><td><div class="stacktrace">org.openqa.selenium.SessionNotCreatedException: Could not start a new session. Response code 500. Message: session not created
from unknown error: failed to write prefs file 
Host info: host: &apos;DESKTOP-PRAUAQ4&apos;, ip: &apos;10.212.134.131&apos;
Build info: version: &apos;4.19.1&apos;, revision: &apos;abe0ee07dc&apos;
System info: os.name: &apos;Windows 10&apos;, os.arch: &apos;amd64&apos;, os.version: &apos;10.0&apos;, java.version: &apos;17.0.6&apos;
Driver info: org.openqa.selenium.chrome.ChromeDriver
Command: [null, newSession {capabilities=[Capabilities {browserName: chrome, goog:chromeOptions: {args: [--remote-allow-origins=*, --disable-web-security, --disable-site-isolation-tr..., --allow-running-insecure-co..., --disable-extensions, --ignore-certificate-errors], binary: C:\Program Files\Google\Chr..., extensions: [], prefs: {download.default_directory: C:\Users\Sthapatya 22\eclip..., plugins.always_open_pdf_externally: true}}}]}]
	at org.openqa.selenium.remote.ProtocolHandshake.createSession(ProtocolHandshake.java:114)
	at org.openqa.selenium.remote.ProtocolHandshake.createSession(ProtocolHandshake.java:75)
	at org.openqa.selenium.remote.ProtocolHandshake.createSession(ProtocolHandshake.java:61)
	at org.openqa.selenium.remote.HttpCommandExecutor.execute(HttpCommandExecutor.java:162)
	at org.openqa.selenium.remote.service.DriverCommandExecutor.invokeExecute(DriverCommandExecutor.java:216)
	at org.openqa.selenium.remote.service.DriverCommandExecutor.execute(DriverCommandExecutor.java:174)
	at org.openqa.selenium.remote.RemoteWebDriver.execute(RemoteWebDriver.java:518)
	at org.openqa.selenium.remote.RemoteWebDriver.startSession(RemoteWebDriver.java:232)
	at org.openqa.selenium.remote.RemoteWebDriver.&lt;init&gt;(RemoteWebDriver.java:161)
	at org.openqa.selenium.chromium.ChromiumDriver.&lt;init&gt;(ChromiumDriver.java:114)
	at org.openqa.selenium.chrome.ChromeDriver.&lt;init&gt;(ChromeDriver.java:89)
	at org.openqa.selenium.chrome.ChromeDriver.&lt;init&gt;(ChromeDriver.java:84)
	at org.openqa.selenium.chrome.ChromeDriver.&lt;init&gt;(ChromeDriver.java:73)
	at pojo.CMS_browser.openBrowser(CMS_browser.java:31)
	at Payments.alltypepayments.beforetest(alltypepayments.java:51)
... Removed 24 stack frames</div></td></tr></table><p class="totop"><a href="#summary">back to summary</a></p>
<h3 id="m19">Payments.alltypepayments#AdvancePayment</h3><table class="result"><tr><th>Exception</th></tr><tr><td><div class="stacktrace">java.lang.Throwable: Method alltypepayments.AdvancePayment()[pri:5, instance:Payments.alltypepayments@27462a88] depends on not successfully finished methods
	at java.base/java.util.ArrayList.forEach(ArrayList.java:1511)
... Removed 18 stack frames</div></td></tr></table><p class="totop"><a href="#summary">back to summary</a></p>
<h3 id="m20">Payments.alltypepayments#Card</h3><table class="result"><tr><th>Exception</th></tr><tr><td><div class="stacktrace">java.lang.Throwable: Method alltypepayments.Card()[pri:6, instance:Payments.alltypepayments@27462a88] depends on not successfully finished methods
	at java.base/java.util.ArrayList.forEach(ArrayList.java:1511)
... Removed 18 stack frames</div></td></tr></table><p class="totop"><a href="#summary">back to summary</a></p>
<h3 id="m21">Payments.alltypepayments#CashPayment</h3><table class="result"><tr><th>Exception</th></tr><tr><td><div class="stacktrace">java.lang.Throwable: Method alltypepayments.CashPayment()[pri:2, instance:Payments.alltypepayments@27462a88] depends on not successfully finished methods
	at java.base/java.util.ArrayList.forEach(ArrayList.java:1511)
... Removed 18 stack frames</div></td></tr></table><p class="totop"><a href="#summary">back to summary</a></p>
<h3 id="m22">Payments.alltypepayments#chequePayment</h3><table class="result"><tr><th>Exception</th></tr><tr><td><div class="stacktrace">java.lang.Throwable: Method alltypepayments.chequePayment()[pri:3, instance:Payments.alltypepayments@27462a88] depends on not successfully finished methods
	at java.base/java.util.ArrayList.forEach(ArrayList.java:1511)
... Removed 18 stack frames</div></td></tr></table><p class="totop"><a href="#summary">back to summary</a></p>
<h3 id="m23">Payments.alltypepayments#cheque_clear</h3><table class="result"><tr><th>Exception</th></tr><tr><td><div class="stacktrace">java.lang.Throwable: Method alltypepayments.cheque_clear()[pri:4, instance:Payments.alltypepayments@27462a88] depends on not successfully finished methods
	at java.base/java.util.ArrayList.forEach(ArrayList.java:1511)
... Removed 18 stack frames</div></td></tr></table><p class="totop"><a href="#summary">back to summary</a></p>
<h3 id="m24">Payments.alltypepayments#loginPage</h3><table class="result"><tr><th>Exception</th></tr><tr><td><div class="stacktrace">org.openqa.selenium.SessionNotCreatedException: Could not start a new session. Response code 500. Message: session not created
from unknown error: failed to write prefs file 
Host info: host: &apos;DESKTOP-PRAUAQ4&apos;, ip: &apos;10.212.134.131&apos;
Build info: version: &apos;4.19.1&apos;, revision: &apos;abe0ee07dc&apos;
System info: os.name: &apos;Windows 10&apos;, os.arch: &apos;amd64&apos;, os.version: &apos;10.0&apos;, java.version: &apos;17.0.6&apos;
Driver info: org.openqa.selenium.chrome.ChromeDriver
Command: [null, newSession {capabilities=[Capabilities {browserName: chrome, goog:chromeOptions: {args: [--remote-allow-origins=*, --disable-web-security, --disable-site-isolation-tr..., --allow-running-insecure-co..., --disable-extensions, --ignore-certificate-errors], binary: C:\Program Files\Google\Chr..., extensions: [], prefs: {download.default_directory: C:\Users\Sthapatya 22\eclip..., plugins.always_open_pdf_externally: true}}}]}]
	at org.openqa.selenium.remote.ProtocolHandshake.createSession(ProtocolHandshake.java:114)
	