<?xml version="1.0" encoding="UTF-8"?>
<!-- Generated by org.testng.reporters.JUnitReportReporter -->
<testsuite hostname="IT-PC-19" failures="0" tests="2" name="New_property_Wadhghat.DemoNetworkTest" time="1.987" errors="1" timestamp="2023-05-06T15:38:29 IST" skipped="1">
  <testcase classname="New_property_Wadhghat.DemoNetworkTest" name="basicTest" time="0.000">
    <skipped/>
  </testcase> <!-- basicTest -->
  <system-out/>
  <testcase classname="New_property_Wadhghat.DemoNetworkTest" name="setup" time="1.987">
    <error message="Could not start a new session. Response code 401. Message: Unauthorized, either Username or AccessKey is invalid. 
Host info: host: &#039;IT-PC-19&#039;, ip: &#039;192.168.1.121&#039;
Build info: version: &#039;4.7.2&#039;, revision: &#039;4d4020c3b7&#039;
System info: os.name: &#039;Windows 10&#039;, os.arch: &#039;amd64&#039;, os.version: &#039;10.0&#039;, java.version: &#039;19.0.1&#039;
Driver info: org.openqa.selenium.remote.RemoteWebDriver
Command: [null, newSession {capabilities=[Capabilities {browserName: Safari, build: Demo-TestNG, console: true, name: TestNG-Todo-Script-1, networkThrottling: Regular 4G, platform: macOS High Sierra, version: 11.0, video: true, visual: true}], desiredCapabilities=Capabilities {browserName: Safari, build: Demo-TestNG, console: true, name: TestNG-Todo-Script-1, networkThrottling: Regular 4G, platform: macOS High Sierra, version: 11.0, video: true, visual: true}}]
Capabilities {}" type="org.openqa.selenium.SessionNotCreatedException">
      <![CDATA[org.openqa.selenium.SessionNotCreatedException: Could not start a new session. Response code 401. Message: Unauthorized, either Username or AccessKey is invalid. 
Host info: host: 'IT-PC-19', ip: '192.168.1.121'
Build info: version: '4.7.2', revision: '4d4020c3b7'
System info: os.name: 'Windows 10', os.arch: 'amd64', os.version: '10.0', java.version: '19.0.1'
Driver info: org.openqa.selenium.remote.RemoteWebDriver
Command: [null, newSession {capabilities=[Capabilities {browserName: Safari, build: Demo-TestNG, console: true, name: TestNG-Todo-Script-1, networkThrottling: Regular 4G, platform: macOS High Sierra, version: 11.0, video: true, visual: true}], desiredCapabilities=Capabilities {browserName: Safari, build: Demo-TestNG, console: true, name: TestNG-Todo-Script-1, networkThrottling: Regular 4G, platform: macOS High Sierra, version: 11.0, video: true, visual: true}}]
Capabilities {}
at org.openqa.selenium.remote.ProtocolHandshake.createSession(ProtocolHandshake.java:148)
at org.openqa.selenium.remote.ProtocolHandshake.createSession(ProtocolHandshake.java:106)
at org.openqa.selenium.remote.ProtocolHandshake.createSession(ProtocolHandshake.java:67)
at org.openqa.selenium.remote.HttpCommandExecutor.execute(HttpCommandExecutor.java:156)
at org.openqa.selenium.remote.TracedCommandExecutor.execute(TracedCommandExecutor.java:51)
at org.openqa.selenium.remote.RemoteWebDriver.execute(RemoteWebDriver.java:535)
at org.openqa.selenium.remote.RemoteWebDriver.startSession(RemoteWebDriver.java:228)
at org.openqa.selenium.remote.RemoteWebDriver.<init>(RemoteWebDriver.java:156)
at org.openqa.selenium.remote.RemoteWebDriver.<init>(RemoteWebDriver.java:138)
at New_property_Wadhghat.DemoNetworkTest.setup(DemoNetworkTest.java:56)
at java.base/jdk.internal.reflect.DirectMethodHandleAccessor.invoke(DirectMethodHandleAccessor.java:104)
at java.base/java.lang.reflect.Method.invoke(Method.java:578)
at org.testng.internal.invokers.MethodInvocationHelper.invokeMethod(MethodInvocationHelper.java:139)
at org.testng.internal.invokers.MethodInvocationHelper.invokeMethodConsideringTimeout(MethodInvocationHelper.java:69)
at org.testng.internal.invokers.ConfigInvoker.invokeConfigurationMethod(ConfigInvoker.java:361)
at org.testng.internal.invokers.ConfigInvoker.invokeConfigurations(ConfigInvoker.java:296)
at org.testng.SuiteRunner.privateRun(SuiteRunner.java:376)
at org.testng.SuiteRunner.run(SuiteRunner.java:330)
at org.testng.SuiteRunnerWorker.runSuite(SuiteRunnerWorker.java:52)
at org.testng.SuiteRunnerWorker.run(SuiteRunnerWorker.java:95)
at org.testng.TestNG.runSuitesSequentially(TestNG.java:1256)
at org.testng.TestNG.runSuitesLocally(TestNG.java:1176)
at org.testng.TestNG.runSuites(TestNG.java:1099)
at org.testng.TestNG.run(TestNG.java:1067)
at org.testng.remote.AbstractRemoteTestNG.run(AbstractRemoteTestNG.java:115)
at org.testng.remote.RemoteTestNG.initAndRun(RemoteTestNG.java:251)
at org.testng.remote.RemoteTestNG.main(RemoteTestNG.java:77)
]]>
    </error>
  </testcase> <!-- setup -->
  <system-out/>
</testsuite> <!-- New_property_Wadhghat.DemoNetworkTest -->
